2025-01-10 16:08:48.5231|ERROR|TulingScadaSystem.Helpers.GlobalConfig|数据读取失败 
2025-01-10 16:08:48.5521|ERROR|TulingScadaSystem.Helpers.GlobalConfig|PLC 连接失败:127.0.0.1:102 
2025-01-10 16:08:48.9186|ERROR|TulingScadaSystem.Helpers.GlobalConfig|数据读取失败 
2025-01-10 16:08:49.4250|ERROR|TulingScadaSystem.Helpers.GlobalConfig|数据读取失败 
2025-01-10 16:08:49.9276|ERROR|TulingScadaSystem.Helpers.GlobalConfig|数据读取失败 
2025-01-10 16:08:50.3313|ERROR|TulingScadaSystem.Helpers.GlobalConfig|数据读取失败 
2025-01-10 16:08:50.7335|ERROR|TulingScadaSystem.Helpers.GlobalConfig|数据读取失败 
2025-01-10 16:08:51.2358|ERROR|TulingScadaSystem.Helpers.GlobalConfig|数据读取失败 
2025-01-10 16:08:51.7471|ERROR|TulingScadaSystem.Helpers.GlobalConfig|数据读取失败 
2025-01-10 16:08:52.1483|ERROR|TulingScadaSystem.Helpers.GlobalConfig|数据读取失败 
2025-01-10 16:08:52.7502|ERROR|TulingScadaSystem.Helpers.GlobalConfig|数据读取失败 
2025-01-10 16:08:53.2532|ERROR|TulingScadaSystem.Helpers.GlobalConfig|数据读取失败 
2025-01-10 16:08:53.7547|ERROR|TulingScadaSystem.Helpers.GlobalConfig|数据读取失败 
2025-01-10 16:08:54.2585|ERROR|TulingScadaSystem.Helpers.GlobalConfig|数据读取失败 
2025-01-10 16:08:54.6619|ERROR|TulingScadaSystem.Helpers.GlobalConfig|数据读取失败 
2025-01-10 16:08:55.0642|ERROR|TulingScadaSystem.Helpers.GlobalConfig|数据读取失败 
2025-01-10 16:08:55.5666|ERROR|TulingScadaSystem.Helpers.GlobalConfig|数据读取失败 
2025-01-10 16:08:56.0685|ERROR|TulingScadaSystem.Helpers.GlobalConfig|数据读取失败 
2025-01-10 16:08:56.4701|ERROR|TulingScadaSystem.Helpers.GlobalConfig|数据读取失败 
2025-01-10 16:08:56.9720|ERROR|TulingScadaSystem.Helpers.GlobalConfig|数据读取失败 
2025-01-10 16:08:57.3731|ERROR|TulingScadaSystem.Helpers.GlobalConfig|数据读取失败 
2025-01-10 16:08:57.8752|ERROR|TulingScadaSystem.Helpers.GlobalConfig|数据读取失败 
2025-01-10 16:08:58.4781|ERROR|TulingScadaSystem.Helpers.GlobalConfig|数据读取失败 
2025-01-10 16:08:58.8790|ERROR|TulingScadaSystem.Helpers.GlobalConfig|数据读取失败 
2025-01-10 16:08:59.2807|ERROR|TulingScadaSystem.Helpers.GlobalConfig|数据读取失败 
2025-01-10 16:08:59.7823|ERROR|TulingScadaSystem.Helpers.GlobalConfig|数据读取失败 
2025-01-10 16:09:00.1859|ERROR|TulingScadaSystem.Helpers.GlobalConfig|数据读取失败 
2025-01-10 16:09:00.6878|ERROR|TulingScadaSystem.Helpers.GlobalConfig|数据读取失败 
2025-01-10 16:09:01.1895|ERROR|TulingScadaSystem.Helpers.GlobalConfig|数据读取失败 
2025-01-10 16:09:01.5907|ERROR|TulingScadaSystem.Helpers.GlobalConfig|数据读取失败 
2025-01-10 16:09:01.9945|ERROR|TulingScadaSystem.Helpers.GlobalConfig|数据读取失败 
2025-01-10 16:09:02.5972|ERROR|TulingScadaSystem.Helpers.GlobalConfig|数据读取失败 
2025-01-10 16:09:02.9987|ERROR|TulingScadaSystem.Helpers.GlobalConfig|数据读取失败 
2025-01-10 16:09:03.4014|ERROR|TulingScadaSystem.Helpers.GlobalConfig|数据读取失败 
2025-01-10 16:09:03.9043|ERROR|TulingScadaSystem.Helpers.GlobalConfig|数据读取失败 
2025-01-10 16:09:04.3301|ERROR|TulingScadaSystem.Helpers.GlobalConfig|数据读取失败 
2025-01-10 16:09:27.3130|ERROR|TulingScadaSystem.Helpers.GlobalConfig|数据读取失败 
2025-01-10 16:09:27.9009|ERROR|TulingScadaSystem.Helpers.GlobalConfig|数据读取失败 
2025-01-10 16:09:28.3023|ERROR|TulingScadaSystem.Helpers.GlobalConfig|数据读取失败 
2025-01-10 16:09:28.7042|ERROR|TulingScadaSystem.Helpers.GlobalConfig|数据读取失败 
2025-01-10 16:09:29.3063|ERROR|TulingScadaSystem.Helpers.GlobalConfig|数据读取失败 
2025-01-10 16:09:29.7077|ERROR|TulingScadaSystem.Helpers.GlobalConfig|数据读取失败 
2025-01-10 16:09:30.1118|ERROR|TulingScadaSystem.Helpers.GlobalConfig|数据读取失败 
2025-01-10 16:09:30.6133|ERROR|TulingScadaSystem.Helpers.GlobalConfig|数据读取失败 
2025-01-10 16:09:31.0157|ERROR|TulingScadaSystem.Helpers.GlobalConfig|数据读取失败 
2025-01-10 16:09:31.4170|ERROR|TulingScadaSystem.Helpers.GlobalConfig|数据读取失败 
2025-01-10 16:09:32.0201|ERROR|TulingScadaSystem.Helpers.GlobalConfig|数据读取失败 
2025-01-10 16:09:32.4228|ERROR|TulingScadaSystem.Helpers.GlobalConfig|数据读取失败 
2025-01-10 16:09:32.8243|ERROR|TulingScadaSystem.Helpers.GlobalConfig|数据读取失败 
2025-01-10 16:09:33.2408|ERROR|TulingScadaSystem.Helpers.GlobalConfig|数据读取失败 
2025-01-10 16:09:33.6424|ERROR|TulingScadaSystem.Helpers.GlobalConfig|数据读取失败 
2025-01-10 16:09:34.1448|ERROR|TulingScadaSystem.Helpers.GlobalConfig|数据读取失败 
2025-01-10 16:09:34.6470|ERROR|TulingScadaSystem.Helpers.GlobalConfig|数据读取失败 
2025-01-10 16:09:35.0495|ERROR|TulingScadaSystem.Helpers.GlobalConfig|数据读取失败 
2025-01-10 16:09:35.4511|ERROR|TulingScadaSystem.Helpers.GlobalConfig|数据读取失败 
2025-01-10 16:09:35.9545|ERROR|TulingScadaSystem.Helpers.GlobalConfig|数据读取失败 
2025-01-10 16:09:36.4557|ERROR|TulingScadaSystem.Helpers.GlobalConfig|数据读取失败 
2025-01-10 16:09:36.8567|ERROR|TulingScadaSystem.Helpers.GlobalConfig|数据读取失败 
2025-01-10 16:09:37.3592|ERROR|TulingScadaSystem.Helpers.GlobalConfig|数据读取失败 
2025-01-10 16:09:37.7613|ERROR|TulingScadaSystem.Helpers.GlobalConfig|数据读取失败 
2025-01-10 16:09:38.1634|ERROR|TulingScadaSystem.Helpers.GlobalConfig|数据读取失败 
2025-01-10 16:09:38.5671|ERROR|TulingScadaSystem.Helpers.GlobalConfig|数据读取失败 
2025-01-10 16:09:38.9692|ERROR|TulingScadaSystem.Helpers.GlobalConfig|数据读取失败 
2025-01-10 16:09:39.2722|ERROR|TulingScadaSystem.Helpers.GlobalConfig|数据读取失败 
2025-01-10 16:09:39.7738|ERROR|TulingScadaSystem.Helpers.GlobalConfig|数据读取失败 
2025-01-10 16:09:40.0760|ERROR|TulingScadaSystem.Helpers.GlobalConfig|数据读取失败 
2025-01-10 16:09:40.4778|ERROR|TulingScadaSystem.Helpers.GlobalConfig|数据读取失败 
2025-01-10 16:09:40.9795|ERROR|TulingScadaSystem.Helpers.GlobalConfig|数据读取失败 
2025-01-10 16:09:41.3812|ERROR|TulingScadaSystem.Helpers.GlobalConfig|数据读取失败 
2025-01-10 16:09:41.7823|ERROR|TulingScadaSystem.Helpers.GlobalConfig|数据读取失败 
2025-01-10 16:09:42.3843|ERROR|TulingScadaSystem.Helpers.GlobalConfig|数据读取失败 
2025-01-10 16:09:42.6912|ERROR|TulingScadaSystem.Helpers.GlobalConfig|数据读取失败 
2025-01-10 16:09:43.0931|ERROR|TulingScadaSystem.Helpers.GlobalConfig|数据读取失败 
2025-01-10 16:09:43.5945|ERROR|TulingScadaSystem.Helpers.GlobalConfig|数据读取失败 
2025-01-10 16:09:43.9978|ERROR|TulingScadaSystem.Helpers.GlobalConfig|数据读取失败 
2025-01-10 16:09:44.4005|ERROR|TulingScadaSystem.Helpers.GlobalConfig|数据读取失败 
2025-01-10 16:09:44.8016|ERROR|TulingScadaSystem.Helpers.GlobalConfig|数据读取失败 
2025-01-10 16:09:45.2033|ERROR|TulingScadaSystem.Helpers.GlobalConfig|数据读取失败 
2025-01-10 16:09:45.6059|ERROR|TulingScadaSystem.Helpers.GlobalConfig|数据读取失败 
2025-01-10 16:09:46.1088|ERROR|TulingScadaSystem.Helpers.GlobalConfig|数据读取失败 
2025-01-10 16:09:46.5098|ERROR|TulingScadaSystem.Helpers.GlobalConfig|数据读取失败 
2025-01-10 16:09:47.0118|ERROR|TulingScadaSystem.Helpers.GlobalConfig|数据读取失败 
2025-01-10 16:09:47.5129|ERROR|TulingScadaSystem.Helpers.GlobalConfig|数据读取失败 
2025-01-10 16:09:47.8150|ERROR|TulingScadaSystem.Helpers.GlobalConfig|数据读取失败 
2025-01-10 16:09:48.2172|ERROR|TulingScadaSystem.Helpers.GlobalConfig|数据读取失败 
2025-01-10 16:09:48.6201|ERROR|TulingScadaSystem.Helpers.GlobalConfig|数据读取失败 
2025-01-10 16:09:48.9236|ERROR|TulingScadaSystem.Helpers.GlobalConfig|数据读取失败 
2025-01-10 16:09:49.3246|ERROR|TulingScadaSystem.Helpers.GlobalConfig|数据读取失败 
2025-01-10 16:09:49.7276|ERROR|TulingScadaSystem.Helpers.GlobalConfig|数据读取失败 
2025-01-10 16:09:50.0302|ERROR|TulingScadaSystem.Helpers.GlobalConfig|数据读取失败 
2025-01-10 16:09:50.4319|ERROR|TulingScadaSystem.Helpers.GlobalConfig|数据读取失败 
2025-01-10 16:09:50.9343|ERROR|TulingScadaSystem.Helpers.GlobalConfig|数据读取失败 
2025-01-10 16:09:51.2372|ERROR|TulingScadaSystem.Helpers.GlobalConfig|数据读取失败 
2025-01-10 16:09:51.7385|ERROR|TulingScadaSystem.Helpers.GlobalConfig|数据读取失败 
2025-01-10 16:57:37.1390|ERROR|TulingScadaSystem.Helpers.GlobalConfig|数据读取失败 
2025-01-10 16:09:50.0302|ERROR|TulingScadaSystem.Helpers.GlobalConfig|数据读取失败 
2025-01-10 16:09:50.4319|ERROR|TulingScadaSystem.Helpers.GlobalConfig|数据读取失败 
2025-01-10 16:09:50.9343|ERROR|TulingScadaSystem.Helpers.GlobalConfig|数据读取失败 
2025-01-10 16:09:51.2372|ERROR|TulingScadaSystem.Helpers.GlobalConfig|数据读取失败 
2025-01-10 16:09:51.7385|ERROR|TulingScadaSystem.Helpers.GlobalConfig|数据读取失败 
2025-01-10 16:57:37.1390|ERROR|TulingScadaSystem.Helpers.GlobalConfig|数据读取失败 
2025-01-10 16:09:50.0302|ERROR|TulingScadaSystem.Helpers.GlobalConfig|数据读取失败 
2025-01-10 16:09:50.4319|ERROR|TulingScadaSystem.Helpers.GlobalConfig|数据读取失败 
2025-01-10 16:09:50.9343|ERROR|TulingScadaSystem.Helpers.GlobalConfig|数据读取失败 
2025-01-10 16:09:51.2372|ERROR|TulingScadaSystem.Helpers.GlobalConfig|数据读取失败 
2025-01-10 16:09:51.7385|ERROR|TulingScadaSystem.Helpers.GlobalConfig|数据读取失败 
2025-01-10 16:57:37.1390|ERROR|TulingScadaSystem.Helpers.GlobalConfig|数据读取失败 2025-01-10 19:50:01.1220|ERROR|TulingScadaSystem.Helpers.GlobalConfig|数据读取失败 
2025-01-10 19:50:06.2175|ERROR|TulingScadaSystem.Helpers.GlobalConfig|数据读取失败 
2025-01-10 19:50:06.2175|ERROR|TulingScadaSystem.Helpers.GlobalConfig|PLC 连接失败:127.0.0.1:102 
2025-01-10 22:42:52.9931|ERROR|TulingScadaSystem.Helpers.GlobalConfig|数据读取失败 
2025-01-10 22:42:53.5875|ERROR|TulingScadaSystem.Helpers.GlobalConfig|PLC 连接失败:127.0.0.1:102 
2025-01-10 22:42:58.1075|ERROR|TulingScadaSystem.Helpers.GlobalConfig|数据读取失败 
2025-01-10 22:45:33.5557|ERROR|TulingScadaSystem.Helpers.GlobalConfig|A task was canceled. 
2025-01-10 22:45:34.0392|ERROR|TulingScadaSystem.Helpers.GlobalConfig|The CancellationTokenSource has been disposed. 
2025-01-10 22:45:34.0628|ERROR|TulingScadaSystem.Helpers.GlobalConfig|The CancellationTokenSource has been disposed. 
2025-01-10 22:47:09.4661|ERROR|TulingScadaSystem.Helpers.GlobalConfig|数据读取失败 
2025-01-10 22:47:09.7537|ERROR|TulingScadaSystem.Helpers.GlobalConfig|PLC 连接失败:127.0.0.1:102 
2025-01-10 22:47:14.5673|ERROR|TulingScadaSystem.Helpers.GlobalConfig|数据读取失败 
